[1/16] cl /c /Zp8 /GR /W3 /EHs /nologo /MD /D_CRT_SECURE_NO_DEPRECATE /D_SCL_SECURE_NO_DEPRECATE /D_SECURE_SCL=0   /DMATLAB_MEX_FILE  /DMATLAB_MEX_FILE /O2 /Oy- /DNDEBUG /fp:strict /I "." /I "C:\Users\pauljang\OneDrive - MathWorks\Desktop\2021_SW-SOC관련\quick-pdm-workshop-master\demo_EN" /I ".\interface" /I "C:\Program Files\MATLAB\R2020b\extern\include" /I "." -DMODEL=classifyVibration_mex /openmp /wd4101  classifyVibration_data.c /Fobuild\win64\classifyVibration_data.obj
classifyVibration_data.c
[2/16] cl /c /Zp8 /GR /W3 /EHs /nologo /MD /D_CRT_SECURE_NO_DEPRECATE /D_SCL_SECURE_NO_DEPRECATE /D_SECURE_SCL=0   /DMATLAB_MEX_FILE  /DMATLAB_MEX_FILE /O2 /Oy- /DNDEBUG /fp:strict /I "." /I "C:\Users\pauljang\OneDrive - MathWorks\Desktop\2021_SW-SOC관련\quick-pdm-workshop-master\demo_EN" /I ".\interface" /I "C:\Program Files\MATLAB\R2020b\extern\include" /I "." -DMODEL=classifyVibration_mex /openmp /wd4101  eml_int_forloop_overflow_check.c /Fobuild\win64\eml_int_forloop_overflow_check.obj
eml_int_forloop_overflow_check.c
[3/16] cl /c /Zp8 /GR /W3 /EHs /nologo /MD /D_CRT_SECURE_NO_DEPRECATE /D_SCL_SECURE_NO_DEPRECATE /D_SECURE_SCL=0   /DMATLAB_MEX_FILE  /DMATLAB_MEX_FILE /O2 /Oy- /DNDEBUG /fp:strict /I "." /I "C:\Users\pauljang\OneDrive - MathWorks\Desktop\2021_SW-SOC관련\quick-pdm-workshop-master\demo_EN" /I ".\interface" /I "C:\Program Files\MATLAB\R2020b\extern\include" /I "." -DMODEL=classifyVibration_mex /openmp /wd4101  rt_nonfinite.c /Fobuild\win64\rt_nonfinite.obj
rt_nonfinite.c
[4/16] cl /c /Zp8 /GR /W3 /EHs /nologo /MD /D_CRT_SECURE_NO_DEPRECATE /D_SCL_SECURE_NO_DEPRECATE /D_SECURE_SCL=0   /DMATLAB_MEX_FILE  /DMATLAB_MEX_FILE /O2 /Oy- /DNDEBUG /fp:strict /I "." /I "C:\Users\pauljang\OneDrive - MathWorks\Desktop\2021_SW-SOC관련\quick-pdm-workshop-master\demo_EN" /I ".\interface" /I "C:\Program Files\MATLAB\R2020b\extern\include" /I "." -DMODEL=classifyVibration_mex /openmp /wd4101  warning.c /Fobuild\win64\warning.obj
warning.c
[5/16] cl /c /Zp8 /GR /W3 /EHs /nologo /MD /D_CRT_SECURE_NO_DEPRECATE /D_SCL_SECURE_NO_DEPRECATE /D_SECURE_SCL=0   /DMATLAB_MEX_FILE  /DMATLAB_MEX_FILE /O2 /Oy- /DNDEBUG /fp:strict /I "." /I "C:\Users\pauljang\OneDrive - MathWorks\Desktop\2021_SW-SOC관련\quick-pdm-workshop-master\demo_EN" /I ".\interface" /I "C:\Program Files\MATLAB\R2020b\extern\include" /I "." -DMODEL=classifyVibration_mex /openmp /wd4101  classifyVibration_initialize.c /Fobuild\win64\classifyVibration_initialize.obj
classifyVibration_initialize.c
[6/16] cl /c /Zp8 /GR /W3 /EHs /nologo /MD /D_CRT_SECURE_NO_DEPRECATE /D_SCL_SECURE_NO_DEPRECATE /D_SECURE_SCL=0   /DMATLAB_MEX_FILE  /DMATLAB_MEX_FILE /O2 /Oy- /DNDEBUG /fp:strict /I "." /I "C:\Users\pauljang\OneDrive - MathWorks\Desktop\2021_SW-SOC관련\quick-pdm-workshop-master\demo_EN" /I ".\interface" /I "C:\Program Files\MATLAB\R2020b\extern\include" /I "." -DMODEL=classifyVibration_mex /openmp /wd4101  interface\_coder_classifyVibration_info.c /Fobuild\win64\_coder_classifyVibration_info.obj
_coder_classifyVibration_info.c
[7/16] cl /c /Zp8 /GR /W3 /EHs /nologo /MD /D_CRT_SECURE_NO_DEPRECATE /D_SCL_SECURE_NO_DEPRECATE /D_SECURE_SCL=0   /DMATLAB_MEX_FILE  /DMATLAB_MEX_FILE /O2 /Oy- /DNDEBUG /fp:strict /I "." /I "C:\Users\pauljang\OneDrive - MathWorks\Desktop\2021_SW-SOC관련\quick-pdm-workshop-master\demo_EN" /I ".\interface" /I "C:\Program Files\MATLAB\R2020b\extern\include" /I "." -DMODEL=classifyVibration_mex /openmp /wd4101  classifyVibration_terminate.c /Fobuild\win64\classifyVibration_terminate.obj
classifyVibration_terminate.c
[8/16] cl /c /Zp8 /GR /W3 /EHs /nologo /MD /D_CRT_SECURE_NO_DEPRECATE /D_SCL_SECURE_NO_DEPRECATE /D_SECURE_SCL=0   /DMATLAB_MEX_FILE  /DMATLAB_MEX_FILE /O2 /Oy- /DNDEBUG /fp:strict /I "." /I "C:\Users\pauljang\OneDrive - MathWorks\Desktop\2021_SW-SOC관련\quick-pdm-workshop-master\demo_EN" /I ".\interface" /I "C:\Program Files\MATLAB\R2020b\extern\include" /I "." -DMODEL=classifyVibration_mex /openmp /wd4101  classifyVibration.c /Fobuild\win64\classifyVibration.obj
classifyVibration.c
[9/16] cl /c /Zp8 /GR /W3 /EHs /nologo /MD /D_CRT_SECURE_NO_DEPRECATE /D_SCL_SECURE_NO_DEPRECATE /D_SECURE_SCL=0   /DMATLAB_MEX_FILE  /DMATLAB_MEX_FILE /O2 /Oy- /DNDEBUG /fp:strict /I "." /I "C:\Users\pauljang\OneDrive - MathWorks\Desktop\2021_SW-SOC관련\quick-pdm-workshop-master\demo_EN" /I ".\interface" /I "C:\Program Files\MATLAB\R2020b\extern\include" /I "." -DMODEL=classifyVibration_mex /openmp /wd4101  sort.c /Fobuild\win64\sort.obj
sort.c
[10/16] cl /c /Zp8 /GR /W3 /EHs /nologo /MD /D_CRT_SECURE_NO_DEPRECATE /D_SCL_SECURE_NO_DEPRECATE /D_SECURE_SCL=0   /DMATLAB_MEX_FILE  /DMATLAB_MEX_FILE /O2 /Oy- /DNDEBUG /fp:strict /I "." /I "C:\Users\pauljang\OneDrive - MathWorks\Desktop\2021_SW-SOC관련\quick-pdm-workshop-master\demo_EN" /I ".\interface" /I "C:\Program Files\MATLAB\R2020b\extern\include" /I "." -DMODEL=classifyVibration_mex /openmp /wd4101  sortIdx.c /Fobuild\win64\sortIdx.obj
sortIdx.c
[11/16] cl /c /Zp8 /GR /W3 /EHs /nologo /MD /D_CRT_SECURE_NO_DEPRECATE /D_SCL_SECURE_NO_DEPRECATE /D_SECURE_SCL=0   /DMATLAB_MEX_FILE  /DMATLAB_MEX_FILE /O2 /Oy- /DNDEBUG /fp:strict /I "." /I "C:\Users\pauljang\OneDrive - MathWorks\Desktop\2021_SW-SOC관련\quick-pdm-workshop-master\demo_EN" /I ".\interface" /I "C:\Program Files\MATLAB\R2020b\extern\include" /I "." -DMODEL=classifyVibration_mex /openmp /wd4101  "C:\Program Files\MATLAB\R2020b\extern\version\c_mexapi_version.c" /Fobuild\win64\c_mexapi_version.obj
c_mexapi_version.c
[12/16] cl /c /Zp8 /GR /W3 /EHs /nologo /MD /D_CRT_SECURE_NO_DEPRECATE /D_SCL_SECURE_NO_DEPRECATE /D_SECURE_SCL=0   /DMATLAB_MEX_FILE  /DMATLAB_MEX_FILE /O2 /Oy- /DNDEBUG /fp:strict /I "." /I "C:\Users\pauljang\OneDrive - MathWorks\Desktop\2021_SW-SOC관련\quick-pdm-workshop-master\demo_EN" /I ".\interface" /I "C:\Program Files\MATLAB\R2020b\extern\include" /I "." -DMODEL=classifyVibration_mex /openmp /wd4101  interface\_coder_classifyVibration_api.c /Fobuild\win64\_coder_classifyVibration_api.obj
_coder_classifyVibration_api.c
[13/16] cl /c /Zp8 /GR /W3 /EHs /nologo /MD /D_CRT_SECURE_NO_DEPRECATE /D_SCL_SECURE_NO_DEPRECATE /D_SECURE_SCL=0   /DMATLAB_MEX_FILE  /DMATLAB_MEX_FILE /O2 /Oy- /DNDEBUG /fp:strict /I "." /I "C:\Users\pauljang\OneDrive - MathWorks\Desktop\2021_SW-SOC관련\quick-pdm-workshop-master\demo_EN" /I ".\interface" /I "C:\Program Files\MATLAB\R2020b\extern\include" /I "." -DMODEL=classifyVibration_mex /openmp /wd4101  scanfornan.c /Fobuild\win64\scanfornan.obj
scanfornan.c
[14/16] cl /c /Zp8 /GR /W3 /EHs /nologo /MD /D_CRT_SECURE_NO_DEPRECATE /D_SCL_SECURE_NO_DEPRECATE /D_SECURE_SCL=0   /DMATLAB_MEX_FILE  /DMATLAB_MEX_FILE /O2 /Oy- /DNDEBUG /fp:strict /I "." /I "C:\Users\pauljang\OneDrive - MathWorks\Desktop\2021_SW-SOC관련\quick-pdm-workshop-master\demo_EN" /I ".\interface" /I "C:\Program Files\MATLAB\R2020b\extern\include" /I "." -DMODEL=classifyVibration_mex /openmp /wd4101  pdist2.c /Fobuild\win64\pdist2.obj
pdist2.c
[15/16] cl /c /Zp8 /GR /W3 /EHs /nologo /MD /D_CRT_SECURE_NO_DEPRECATE /D_SCL_SECURE_NO_DEPRECATE /D_SECURE_SCL=0   /DMATLAB_MEX_FILE  /DMATLAB_MEX_FILE /O2 /Oy- /DNDEBUG /fp:strict /I "." /I "C:\Users\pauljang\OneDrive - MathWorks\Desktop\2021_SW-SOC관련\quick-pdm-workshop-master\demo_EN" /I ".\interface" /I "C:\Program Files\MATLAB\R2020b\extern\include" /I "." -DMODEL=classifyVibration_mex /openmp /wd4101  interface\_coder_classifyVibration_mex.c /Fobuild\win64\_coder_classifyVibration_mex.obj
_coder_classifyVibration_mex.c
[16/16] link @classifyVibration_mex.mexw64.rsp /nologo /manifest   /DLL /LIBPATH:"C:\Program Files\MATLAB\R2020b\extern\lib\win64\microsoft" libmx.lib libmex.lib libmat.lib kernel32.lib user32.lib gdi32.lib winspool.lib comdlg32.lib advapi32.lib shell32.lib ole32.lib oleaut32.lib uuid.lib odbc32.lib odbccp32.lib  /out:"classifyVibration_mex.mexw64" libemlrt.lib libcovrt.lib libut.lib libmwmathutil.lib libiomp5md.lib /nodefaultlib:vcomp /LIBPATH:"C:\Program Files\MATLAB\R2020b\bin\win64" /export:mexFunction /export:mexfilerequiredapiversion /export:emlrtMexFcnProperties /export:classifyVibration /export:classifyVibration_initialize /export:classifyVibration_terminate /export:classifyVibration_atexit
   classifyVibration_mex.lib 라이브러리 및 classifyVibration_mex.exp 개체를 생성하고 있습니다.
